Change Component Designator: Old Designator=C200 New Designator=C?
Change Component Designator: Old Designator=C201 New Designator=C?
Change Component Designator: Old Designator=C202 New Designator=C?
Change Component Designator: Old Designator=C203 New Designator=C?
Change Component Designator: Old Designator=C204 New Designator=C?
Change Component Designator: Old Designator=C205 New Designator=C?
Change Component Designator: Old Designator=C206 New Designator=C?
Change Component Designator: Old Designator=C208 New Designator=C?
Change Component Designator: Old Designator=D200 New Designator=D?
Change Component Designator: Old Designator=D201 New Designator=D?
Change Component Designator: Old Designator=LS200 New Designator=LS?
Change Component Designator: Old Designator=P200 New Designator=P?
Change Component Designator: Old Designator=Q200 New Designator=Q?
Change Component Designator: Old Designator=R200 New Designator=R?
Change Component Designator: Old Designator=R201 New Designator=R?
Change Component Designator: Old Designator=R202 New Designator=R?
Change Component Designator: Old Designator=R203 New Designator=R?
Change Component Designator: Old Designator=R206 New Designator=R?
Change Component Designator: Old Designator=R207 New Designator=R?
Change Component Designator: Old Designator=R208 New Designator=R?
Change Component Designator: Old Designator=S202 New Designator=S?
Change Component Designator: Old Designator=U200 New Designator=U?
Change Component Designator: Old Designator=XTAL200 New Designator=XTAL?
