Added Component: Designator=C24(CAP_1210)
Add component (AddParameter): Name = "LatestRevisionDate"; Value = "17-Jul-2002"; VariantName = "[No Variations]"
Add component (AddParameter): Name = "LatestRevisionNote"; Value = "Re-released for DXP Platform."; VariantName = "[No Variations]"
Add component (AddParameter): Name = "PackageDescription"; Value = "Radial Cap, Thru-Hole; 2 Leads; 0.3 in Pin Spacing"; VariantName = "[No Variations]"
Add component (AddParameter): Name = "PackageReference"; Value = "RAD-0.3"; VariantName = "[No Variations]"
Add component (AddParameter): Name = "Published"; Value = "8-Jun-2000"; VariantName = "[No Variations]"
Add component (AddParameter): Name = "Publisher"; Value = "Altium Limited"; VariantName = "[No Variations]"
Add component (AddParameter): Name = "Value"; Value = "0.1uF"; VariantName = "[No Variations]"
Added Component: Designator=C25(CAP_1210)
Add component (AddParameter): Name = "LatestRevisionDate"; Value = "17-Jul-2002"; VariantName = "[No Variations]"
Add component (AddParameter): Name = "LatestRevisionNote"; Value = "Re-released for DXP Platform."; VariantName = "[No Variations]"
Add component (AddParameter): Name = "PackageDescription"; Value = "Radial Cap, Thru-Hole; 2 Leads; 0.3 in Pin Spacing"; VariantName = "[No Variations]"
Add component (AddParameter): Name = "PackageReference"; Value = "RAD-0.3"; VariantName = "[No Variations]"
Add component (AddParameter): Name = "Published"; Value = "8-Jun-2000"; VariantName = "[No Variations]"
Add component (AddParameter): Name = "Publisher"; Value = "Altium Limited"; VariantName = "[No Variations]"
Add component (AddParameter): Name = "Value"; Value = "0.1uF"; VariantName = "[No Variations]"
Added Component: Designator=U3(MSOP-10)
Added Pin To Net: NetName=3.3V Pin=C24-1
Added Pin To Net: NetName=GND Pin=C24-2
Added Pin To Net: NetName=3.3V Pin=C25-1
Added Pin To Net: NetName=GND Pin=C25-2
Added Pin To Net: NetName=GND Pin=U3-3
Added Pin To Net: NetName=3.3V Pin=U3-7
Added Pin To Net: NetName=3.3V Pin=U3-10
Added Pin To Net: NetName=NetR6_2 Pin=R6-2
Added Pin To Net: NetName=NetR6_2 Pin=U2-33
Added Pin To Net: NetName=NetR6_2 Pin=U3-8
Added Net: Name=NetR6_2
Added Pin To Net: NetName=NetU2_32 Pin=U2-32
Added Pin To Net: NetName=NetU2_32 Pin=U3-9
Added Net: Name=NetU2_32
Added Pin To Net: NetName=USB D+ Pin=D2-1
Added Pin To Net: NetName=USB D+ Pin=U3-1
Added Net: Name=USB D+
Added Pin To Net: NetName=USB D- Pin=D2-3
Added Pin To Net: NetName=USB D- Pin=U3-2
Added Net: Name=USB D-
Added Member To Class: ClassName=U_POWER Member=Component C24
Added Member To Class: ClassName=U_POWER Member=Component C25
Added Member To Class: ClassName=U_POWER Member=Component U3 CH340E
