Removed Pin From Net: NetName=NetANT1_1 Pin=C12-1
Removed Pin From Net: NetName=NetANT1_1 Pin=C13-1
Removed Pin From Net: NetName=GND Pin=P2-3
Removed Member From Class: ClassName=U_RF Member=SB1
Change Component Footprint: Designator=C2 Old Footprint=CAP_0603 New Footprint=CAP_1210
Change Component Footprint: Designator=C3 Old Footprint=CAP_0603 New Footprint=CAP_1210
Added Component: Designator=R16(RES_0603)
Add component (AddParameter): Name = "LatestRevisionDate"; Value = "17-Jul-2002"; VariantName = "[No Variations]"
Add component (AddParameter): Name = "LatestRevisionNote"; Value = "Re-released for DXP Platform."; VariantName = "[No Variations]"
Add component (AddParameter): Name = "PackageDescription"; Value = "Axial Device, Thru-Hole; 2 Leads; 0.4 in Pin Spacing"; VariantName = "[No Variations]"
Add component (AddParameter): Name = "PackageReference"; Value = "AXIAL-0.4"; VariantName = "[No Variations]"
Add component (AddParameter): Name = "Published"; Value = "8-Jun-2000"; VariantName = "[No Variations]"
Add component (AddParameter): Name = "Publisher"; Value = "Altium Limited"; VariantName = "[No Variations]"
Add component (AddParameter): Name = "Value"; Value = "0R"; VariantName = "[No Variations]"
Added Component: Designator=R17(RES_0603)
Add component (AddParameter): Name = "LatestRevisionDate"; Value = "17-Jul-2002"; VariantName = "[No Variations]"
Add component (AddParameter): Name = "LatestRevisionNote"; Value = "Re-released for DXP Platform."; VariantName = "[No Variations]"
Add component (AddParameter): Name = "PackageDescription"; Value = "Axial Device, Thru-Hole; 2 Leads; 0.4 in Pin Spacing"; VariantName = "[No Variations]"
Add component (AddParameter): Name = "PackageReference"; Value = "AXIAL-0.4"; VariantName = "[No Variations]"
Add component (AddParameter): Name = "Published"; Value = "8-Jun-2000"; VariantName = "[No Variations]"
Add component (AddParameter): Name = "Publisher"; Value = "Altium Limited"; VariantName = "[No Variations]"
Add component (AddParameter): Name = "Value"; Value = "0R"; VariantName = "[No Variations]"
Added Pin To Net: NetName=GND Pin=P2-1
Added Pin To Net: NetName=NetANT1_1 Pin=R17-2
Added Pin To Net: NetName=NetC12_1 Pin=C12-1
Added Pin To Net: NetName=NetC12_1 Pin=C13-1
Added Pin To Net: NetName=NetC12_1 Pin=R16-2
Added Pin To Net: NetName=NetC12_1 Pin=R17-1
Added Net: Name=NetC12_1
Added Pin To Net: NetName=NetP2_3 Pin=P2-3
Added Pin To Net: NetName=NetP2_3 Pin=R16-1
Added Net: Name=NetP2_3
Added Member To Class: ClassName=U_RF Member=Component R16 0402
Added Member To Class: ClassName=U_RF Member=Component R17 0402
