Change Physical Footprint: Designator=ANT1 Old Footprint=2.4Ghz Antenna New Footprint=2.4Ghz Antenna
Change Physical Footprint: Designator=C1 Old Footprint=CAP_0603 New Footprint=CAP_0603
Change Physical Footprint: Designator=C2 Old Footprint=CAP_0603 New Footprint=CAP_0603
Change Physical Footprint: Designator=C3 Old Footprint=CAP_0603 New Footprint=CAP_0603
Change Physical Footprint: Designator=C4 Old Footprint=CAP_0603 New Footprint=CAP_0603
Change Physical Footprint: Designator=C5 Old Footprint=CAP_0603 New Footprint=CAP_0603
Change Physical Footprint: Designator=C6 Old Footprint=CAP_0402 New Footprint=CAP_0402
Change Physical Footprint: Designator=C7 Old Footprint=CAP_0402 New Footprint=CAP_0402
Change Physical Footprint: Designator=C8 Old Footprint=CAP_0402 New Footprint=CAP_0402
Change Physical Footprint: Designator=C9 Old Footprint=CAP_0402 New Footprint=CAP_0402
Change Physical Footprint: Designator=C10 Old Footprint=CAP_0402 New Footprint=CAP_0402
Change Physical Footprint: Designator=C11 Old Footprint=CAP_0402 New Footprint=CAP_0402
Change Physical Footprint: Designator=C12 Old Footprint=CAP_0402 New Footprint=CAP_0402
Change Physical Footprint: Designator=C13 Old Footprint=CAP_0402 New Footprint=CAP_0402
Change Physical Footprint: Designator=C14 Old Footprint=CAP_0402 New Footprint=CAP_0402
Change Physical Footprint: Designator=C15 Old Footprint=CAP_0402 New Footprint=CAP_0402
Change Physical Footprint: Designator=C16 Old Footprint=CAP_0603 New Footprint=CAP_0603
Change Physical Footprint: Designator=C17 Old Footprint=CAP_0603 New Footprint=CAP_0603
Change Physical Footprint: Designator=C18 Old Footprint=CAP_0603 New Footprint=CAP_0603
Change Physical Footprint: Designator=C19 Old Footprint=CAP_0603 New Footprint=CAP_0603
Change Physical Footprint: Designator=C20 Old Footprint=CAP_0603 New Footprint=CAP_0603
Change Physical Footprint: Designator=C21 Old Footprint=CAP_0603 New Footprint=CAP_0603
Change Physical Footprint: Designator=C22 Old Footprint=CAP_0603 New Footprint=CAP_0603
Change Physical Footprint: Designator=C23 Old Footprint=CAP_0603 New Footprint=CAP_0603
Change Physical Footprint: Designator=D1 Old Footprint=SOT-23_L New Footprint=SOT-23_L
Change Physical Footprint: Designator=D2 Old Footprint=STM-SOT23-6L_V New Footprint=STM-SOT23-6L_V
Change Physical Footprint: Designator=D3 Old Footprint=LED_0603 New Footprint=LED_0603
Change Physical Footprint: Designator=D4 Old Footprint=SOT-23_L New Footprint=SOT-23_L
Change Physical Footprint: Designator=D5 Old Footprint=SOT-23_L New Footprint=SOT-23_L
Change Physical Footprint: Designator=D6 Old Footprint=LED_0603 New Footprint=LED_0603
Change Physical Footprint: Designator=D7 Old Footprint=LED_0603 New Footprint=LED_0603
Change Physical Footprint: Designator=FB1 Old Footprint=FP-BLM18-0_15-t0_8-IPC_A New Footprint=FP-BLM18-0_15-t0_8-IPC_A
Change Physical Footprint: Designator=J1 Old Footprint=USB Micro B New Footprint=USB Micro B
Change Physical Footprint: Designator=J2 Old Footprint=Header_3 New Footprint=Header_3
Change Physical Footprint: Designator=L1 Old Footprint=IND_0402 New Footprint=IND_0402
Change Physical Footprint: Designator=L2 Old Footprint=IND_0402 New Footprint=IND_0402
Change Physical Footprint: Designator=L3 Old Footprint=IND_0402 New Footprint=IND_0402
Change Physical Footprint: Designator=LS1 Old Footprint=Buzzer New Footprint=Buzzer
Change Physical Footprint: Designator=P1 Old Footprint=HDR1X2 New Footprint=HDR1X2
Change Physical Footprint: Designator=P2 Old Footprint=HRS-U.FL-R-SMT-3_V New Footprint=HRS-U.FL-R-SMT-3_V
Change Physical Footprint: Designator=P3 Old Footprint=HDR2X3 New Footprint=HDR2X3
Change Physical Footprint: Designator=Q1 Old Footprint=SOT23_L New Footprint=SOT23_L
Change Physical Footprint: Designator=R1 Old Footprint=RES_0603 New Footprint=RES_0603
Change Physical Footprint: Designator=R2 Old Footprint=RES_0603 New Footprint=RES_0603
Change Physical Footprint: Designator=R3 Old Footprint=RES_0603 New Footprint=RES_0603
Change Physical Footprint: Designator=R4 Old Footprint=RES_0402 New Footprint=RES_0402
Change Physical Footprint: Designator=R5 Old Footprint=RES_0603 New Footprint=RES_0603
Change Physical Footprint: Designator=R6 Old Footprint=RES_0603 New Footprint=RES_0603
Change Physical Footprint: Designator=R7 Old Footprint=RES_0603 New Footprint=RES_0603
Change Physical Footprint: Designator=R8 Old Footprint=RES_0603 New Footprint=RES_0603
Change Physical Footprint: Designator=R9 Old Footprint=RES_0603 New Footprint=RES_0603
Change Physical Footprint: Designator=R11 Old Footprint=RES_0603 New Footprint=RES_0603
Change Physical Footprint: Designator=R12 Old Footprint=RES_0603 New Footprint=RES_0603
Change Physical Footprint: Designator=S1 Old Footprint=TactileSwitch6x6 New Footprint=TactileSwitch6x6
Change Physical Footprint: Designator=SB1 Old Footprint=Solder bridge RF 0.254 New Footprint=Solder bridge RF 0.254
Change Physical Footprint: Designator=U1 Old Footprint=QFN20 4x4 New Footprint=QFN20 4x4
Change Physical Footprint: Designator=U2 Old Footprint=STM-LQFP48_M New Footprint=STM-LQFP48_M
Change Physical Footprint: Designator=VR1 Old Footprint=SOT23-5 New Footprint=SOT23-5
Change Physical Footprint: Designator=VR2 Old Footprint=SOP127P600-8N New Footprint=SOP127P600-8N
Change Physical Footprint: Designator=XTAL1 Old Footprint=16Mhz_Crystal New Footprint=16Mhz_Crystal
Change Physical Footprint: Designator=XTAL2 Old Footprint=16Mhz_Crystal New Footprint=16Mhz_Crystal
