Change Component Designator: Old Designator=ANT300 New Designator=ANT?
Change Component Designator: Old Designator=C300 New Designator=C?
Change Component Designator: Old Designator=C301 New Designator=C?
Change Component Designator: Old Designator=C302 New Designator=C?
Change Component Designator: Old Designator=C303 New Designator=C?
Change Component Designator: Old Designator=C304 New Designator=C?
Change Component Designator: Old Designator=C305 New Designator=C?
Change Component Designator: Old Designator=C306 New Designator=C?
Change Component Designator: Old Designator=C307 New Designator=C?
Change Component Designator: Old Designator=C308 New Designator=C?
Change Component Designator: Old Designator=C309 New Designator=C?
Change Component Designator: Old Designator=L300 New Designator=L?
Change Component Designator: Old Designator=L301 New Designator=L?
Change Component Designator: Old Designator=L302 New Designator=L?
Change Component Designator: Old Designator=P300 New Designator=P?
Change Component Designator: Old Designator=R300 New Designator=R?
Change Component Designator: Old Designator=R301 New Designator=R?
Change Component Designator: Old Designator=SB300 New Designator=SB?
Change Component Designator: Old Designator=U300 New Designator=U?
Change Component Designator: Old Designator=XTAL300 New Designator=XTAL?
